-------------------------------------------------------------------------------
Test set: tn.esprit.KGartenPidevApplicationTests
-------------------------------------------------------------------------------
Tests run: 1, Failures: 0, Errors: 1, Skipped: 0, Time elapsed: 12.972 s <<< FAILURE! - in tn.esprit.KGartenPidevApplicationTests
contextLoads  Time elapsed: 0.031 s  <<< ERROR!
java.lang.IllegalStateException: Failed to load ApplicationContext
Caused by: org.springframework.beans.factory.BeanCreationException: Error creating bean with name 'entityManagerFactory' defined in class path resource [org/springframework/boot/autoconfigure/orm/jpa/HibernateJpaConfiguration.class]: Invocation of init method failed; nested exception is org.hibernate.AnnotationException: @OneToOne or @ManyToOne on tn.esprit.spring.Entities.Claim.user references an unknown entity: tn.esprit.spring.Entities.User
Caused by: org.hibernate.AnnotationException: @OneToOne or @ManyToOne on tn.esprit.spring.Entities.Claim.user references an unknown entity: tn.esprit.spring.Entities.User

